CRITICAL - 2021-09-08 12:44:12 --> Undefined variable: data
#0 C:\xampp\htdocs\temp\app\Views\backend\option\pages\page-site.php(14): CodeIgniter\Debug\Exceptions->errorHandler(8, 'Undefined varia...', 'C:\\xampp\\htdocs...', 14, Array)
#1 C:\xampp\htdocs\temp\system\View\View.php(220): include('C:\\xampp\\htdocs...')
#2 C:\xampp\htdocs\temp\system\View\View.php(222): CodeIgniter\View\View->CodeIgniter\View\{closure}()
#3 C:\xampp\htdocs\temp\system\Common.php(1217): CodeIgniter\View\View->render('backend/option/...', Array, true)
#4 C:\xampp\htdocs\temp\app\Controllers\Backend\Option\Site.php(26): view('backend/option/...', Array)
#5 C:\xampp\htdocs\temp\system\CodeIgniter.php(936): App\Controllers\Backend\Option\Site->index()
#6 C:\xampp\htdocs\temp\system\CodeIgniter.php(432): CodeIgniter\CodeIgniter->runController(Object(App\Controllers\Backend\Option\Site))
#7 C:\xampp\htdocs\temp\system\CodeIgniter.php(333): CodeIgniter\CodeIgniter->handleRequest(NULL, Object(Config\Cache), false)
#8 C:\xampp\htdocs\temp\index.php(45): CodeIgniter\CodeIgniter->run()
#9 {main}
CRITICAL - 2021-09-08 13:29:02 --> Call to a member function store() on null
#0 C:\xampp\htdocs\temp\system\CodeIgniter.php(936): App\Controllers\Backend\Option\Site->update()
#1 C:\xampp\htdocs\temp\system\CodeIgniter.php(432): CodeIgniter\CodeIgniter->runController(Object(App\Controllers\Backend\Option\Site))
#2 C:\xampp\htdocs\temp\system\CodeIgniter.php(333): CodeIgniter\CodeIgniter->handleRequest(NULL, Object(Config\Cache), false)
#3 C:\xampp\htdocs\temp\index.php(45): CodeIgniter\CodeIgniter->run()
#4 {main}
CRITICAL - 2021-09-08 13:30:07 --> The original file is not a valid file.
#0 C:\xampp\htdocs\temp\system\HTTP\Files\UploadedFile.php(143): CodeIgniter\HTTP\Exceptions\HTTPException::forInvalidFile()
#1 C:\xampp\htdocs\temp\system\HTTP\Files\UploadedFile.php(379): CodeIgniter\HTTP\Files\UploadedFile->move('C:\\xampp\\htdocs...', '1631082607_5b1c...')
#2 C:\xampp\htdocs\temp\app\Controllers\Backend\Option\Site.php(105): CodeIgniter\HTTP\Files\UploadedFile->store('logo/')
#3 C:\xampp\htdocs\temp\system\CodeIgniter.php(936): App\Controllers\Backend\Option\Site->update()
#4 C:\xampp\htdocs\temp\system\CodeIgniter.php(432): CodeIgniter\CodeIgniter->runController(Object(App\Controllers\Backend\Option\Site))
#5 C:\xampp\htdocs\temp\system\CodeIgniter.php(333): CodeIgniter\CodeIgniter->handleRequest(NULL, Object(Config\Cache), false)
#6 C:\xampp\htdocs\temp\index.php(45): CodeIgniter\CodeIgniter->run()
#7 {main}
CRITICAL - 2021-09-08 13:51:51 --> Class 'App\Controllers\Backend\Creator\BeritaModel' not found
#0 C:\xampp\htdocs\temp\system\CodeIgniter.php(908): App\Controllers\Backend\Creator\TableModel->__construct()
#1 C:\xampp\htdocs\temp\system\CodeIgniter.php(422): CodeIgniter\CodeIgniter->createController()
#2 C:\xampp\htdocs\temp\system\CodeIgniter.php(333): CodeIgniter\CodeIgniter->handleRequest(NULL, Object(Config\Cache), false)
#3 C:\xampp\htdocs\temp\index.php(45): CodeIgniter\CodeIgniter->run()
#4 {main}
CRITICAL - 2021-09-08 14:16:01 --> Cannot use object of type stdClass as array
#0 C:\xampp\htdocs\temp\system\CodeIgniter.php(936): App\Controllers\Backend\Creator\TableModel->generate()
#1 C:\xampp\htdocs\temp\system\CodeIgniter.php(432): CodeIgniter\CodeIgniter->runController(Object(App\Controllers\Backend\Creator\TableModel))
#2 C:\xampp\htdocs\temp\system\CodeIgniter.php(333): CodeIgniter\CodeIgniter->handleRequest(NULL, Object(Config\Cache), false)
#3 C:\xampp\htdocs\temp\index.php(45): CodeIgniter\CodeIgniter->run()
#4 {main}
CRITICAL - 2021-09-08 17:12:45 --> mkdir(): No such file or directory
#0 [internal function]: CodeIgniter\Debug\Exceptions->errorHandler(2, 'mkdir(): No suc...', 'C:\\xampp\\htdocs...', 146, Array)
#1 C:\xampp\htdocs\temp\app\Controllers\Backend\Option\Menu.php(146): mkdir('../app/Controll...')
#2 C:\xampp\htdocs\temp\system\CodeIgniter.php(936): App\Controllers\Backend\Option\Menu->insert()
#3 C:\xampp\htdocs\temp\system\CodeIgniter.php(432): CodeIgniter\CodeIgniter->runController(Object(App\Controllers\Backend\Option\Menu))
#4 C:\xampp\htdocs\temp\system\CodeIgniter.php(333): CodeIgniter\CodeIgniter->handleRequest(NULL, Object(Config\Cache), false)
#5 C:\xampp\htdocs\temp\index.php(45): CodeIgniter\CodeIgniter->run()
#6 {main}
CRITICAL - 2021-09-08 17:14:53 --> mkdir(): No such file or directory
#0 [internal function]: CodeIgniter\Debug\Exceptions->errorHandler(2, 'mkdir(): No suc...', 'C:\\xampp\\htdocs...', 146, Array)
#1 C:\xampp\htdocs\temp\app\Controllers\Backend\Option\Menu.php(146): mkdir('C:\\xampp\\htdocs...')
#2 C:\xampp\htdocs\temp\system\CodeIgniter.php(936): App\Controllers\Backend\Option\Menu->insert()
#3 C:\xampp\htdocs\temp\system\CodeIgniter.php(432): CodeIgniter\CodeIgniter->runController(Object(App\Controllers\Backend\Option\Menu))
#4 C:\xampp\htdocs\temp\system\CodeIgniter.php(333): CodeIgniter\CodeIgniter->handleRequest(NULL, Object(Config\Cache), false)
#5 C:\xampp\htdocs\temp\index.php(45): CodeIgniter\CodeIgniter->run()
#6 {main}
CRITICAL - 2021-09-08 17:18:57 --> fopen(C:\xampp\htdocs\temp\app/Controllers/Backend/Creator/HTMLGenerator.php): failed to open stream: Permission denied
#0 [internal function]: CodeIgniter\Debug\Exceptions->errorHandler(2, 'fopen(C:\\xampp\\...', 'C:\\xampp\\htdocs...', 148, Array)
#1 C:\xampp\htdocs\temp\app\Controllers\Backend\Option\Menu.php(148): fopen('C:\\xampp\\htdocs...', 'w')
#2 C:\xampp\htdocs\temp\system\CodeIgniter.php(936): App\Controllers\Backend\Option\Menu->insert()
#3 C:\xampp\htdocs\temp\system\CodeIgniter.php(432): CodeIgniter\CodeIgniter->runController(Object(App\Controllers\Backend\Option\Menu))
#4 C:\xampp\htdocs\temp\system\CodeIgniter.php(333): CodeIgniter\CodeIgniter->handleRequest(NULL, Object(Config\Cache), false)
#5 C:\xampp\htdocs\temp\index.php(45): CodeIgniter\CodeIgniter->run()
#6 {main}
CRITICAL - 2021-09-08 17:19:33 --> fopen(C:\xampp\htdocs\temp\app/Controllers/Backend/Creator/HTMLGenerator.php): failed to open stream: Permission denied
#0 [internal function]: CodeIgniter\Debug\Exceptions->errorHandler(2, 'fopen(C:\\xampp\\...', 'C:\\xampp\\htdocs...', 148, Array)
#1 C:\xampp\htdocs\temp\app\Controllers\Backend\Option\Menu.php(148): fopen('C:\\xampp\\htdocs...', 'w')
#2 C:\xampp\htdocs\temp\system\CodeIgniter.php(936): App\Controllers\Backend\Option\Menu->insert()
#3 C:\xampp\htdocs\temp\system\CodeIgniter.php(432): CodeIgniter\CodeIgniter->runController(Object(App\Controllers\Backend\Option\Menu))
#4 C:\xampp\htdocs\temp\system\CodeIgniter.php(333): CodeIgniter\CodeIgniter->handleRequest(NULL, Object(Config\Cache), false)
#5 C:\xampp\htdocs\temp\index.php(45): CodeIgniter\CodeIgniter->run()
#6 {main}
CRITICAL - 2021-09-08 17:19:43 --> fopen(C:\xampp\htdocs\temp\app/Controllers/Backend/Creator/HTMLGenerator.php): failed to open stream: Permission denied
#0 [internal function]: CodeIgniter\Debug\Exceptions->errorHandler(2, 'fopen(C:\\xampp\\...', 'C:\\xampp\\htdocs...', 149, Array)
#1 C:\xampp\htdocs\temp\app\Controllers\Backend\Option\Menu.php(149): fopen('C:\\xampp\\htdocs...', 'w')
#2 C:\xampp\htdocs\temp\system\CodeIgniter.php(936): App\Controllers\Backend\Option\Menu->insert()
#3 C:\xampp\htdocs\temp\system\CodeIgniter.php(432): CodeIgniter\CodeIgniter->runController(Object(App\Controllers\Backend\Option\Menu))
#4 C:\xampp\htdocs\temp\system\CodeIgniter.php(333): CodeIgniter\CodeIgniter->handleRequest(NULL, Object(Config\Cache), false)
#5 C:\xampp\htdocs\temp\index.php(45): CodeIgniter\CodeIgniter->run()
#6 {main}
