CRITICAL - 2021-08-30 09:26:45 --> Table 'temp.berita' doesn't exist
#0 C:\xampp\htdocs\temp\system\Database\MySQLi\Connection.php(314): mysqli->query('SELECT *\nFROM `...')
#1 C:\xampp\htdocs\temp\system\Database\BaseConnection.php(713): CodeIgniter\Database\MySQLi\Connection->execute('SELECT *\nFROM `...')
#2 C:\xampp\htdocs\temp\system\Database\BaseConnection.php(641): CodeIgniter\Database\BaseConnection->simpleQuery('SELECT *\nFROM `...')
#3 C:\xampp\htdocs\temp\system\Database\BaseBuilder.php(1866): CodeIgniter\Database\BaseConnection->query('SELECT *\nFROM `...', Array, false)
#4 C:\xampp\htdocs\temp\system\Model.php(213): CodeIgniter\Database\BaseBuilder->get()
#5 C:\xampp\htdocs\temp\system\BaseModel.php(583): CodeIgniter\Model->doFindAll(0, 0)
#6 C:\xampp\htdocs\temp\app\Models\Konten\BeritaModel.php(34): CodeIgniter\BaseModel->findAll()
#7 C:\xampp\htdocs\temp\app\Controllers\Frontend\Home\Main.php(19): App\Models\Konten\BeritaModel->get()
#8 C:\xampp\htdocs\temp\system\CodeIgniter.php(936): App\Controllers\Frontend\Home\Main->index()
#9 C:\xampp\htdocs\temp\system\CodeIgniter.php(432): CodeIgniter\CodeIgniter->runController(Object(App\Controllers\Frontend\Home\Main))
#10 C:\xampp\htdocs\temp\system\CodeIgniter.php(333): CodeIgniter\CodeIgniter->handleRequest(NULL, Object(Config\Cache), false)
#11 C:\xampp\htdocs\temp\index.php(45): CodeIgniter\CodeIgniter->run()
#12 {main}
CRITICAL - 2021-08-30 10:00:52 --> Table 'temp.dataunor' doesn't exist
#0 C:\xampp\htdocs\temp\system\Database\MySQLi\Connection.php(314): mysqli->query('SELECT d1.*, d2...')
#1 C:\xampp\htdocs\temp\system\Database\BaseConnection.php(713): CodeIgniter\Database\MySQLi\Connection->execute('SELECT d1.*, d2...')
#2 C:\xampp\htdocs\temp\system\Database\BaseConnection.php(641): CodeIgniter\Database\BaseConnection->simpleQuery('SELECT d1.*, d2...')
#3 C:\xampp\htdocs\temp\app\Models\Pendataan\DataUnorModel.php(70): CodeIgniter\Database\BaseConnection->query('SELECT d1.*, d2...')
#4 C:\xampp\htdocs\temp\app\Controllers\Backend\Pendataan\DataUnor.php(17): App\Models\Pendataan\DataUnorModel->getKueri()
#5 C:\xampp\htdocs\temp\system\CodeIgniter.php(936): App\Controllers\Backend\Pendataan\DataUnor->index()
#6 C:\xampp\htdocs\temp\system\CodeIgniter.php(432): CodeIgniter\CodeIgniter->runController(Object(App\Controllers\Backend\Pendataan\DataUnor))
#7 C:\xampp\htdocs\temp\system\CodeIgniter.php(333): CodeIgniter\CodeIgniter->handleRequest(NULL, Object(Config\Cache), false)
#8 C:\xampp\htdocs\temp\index.php(45): CodeIgniter\CodeIgniter->run()
#9 {main}
